%!Adobe-FontList 1.25
%Locale:0x410

%BeginFont
Handler:DirectoryHandler
FontType:Type1
FontName:HelveticaNeue-BoldItalic
FamilyName:Helvetica Neue
StyleName:Bold Italic
FullName:Helvetica Neue Bold Italic
MenuName:Helvetica Neue
StyleBits:3
FamilyNameNative:Helvetica Neue
StyleNameNative:Bold Italic
FullNameNative:Helvetica Neue Bold Italic
WritingScript:Cyrillic
OutlineFileName:C:\Users\gabri\Desktop\Cartella futurismodepero\Cartella futurismodepero\Document fonts\HelveticaNeueBoldItalic.otf
DataFormat:sfntData
UsesStandardEncoding:yes
isCFF:yes
hasSVG:no
hasCOLR:no
VariableFontType:NonVariableFont
FileLength:619352
FileModTime:1782147922
WeightClass:700
WidthClass:5
AngleClass:1
NameArray:0,Mac,4,Helvetica Neue Bold Italic
NameArray:0,Win,1,Helvetica Neue
NameArray:0,Win,16,Helvetica Neue
%EndFont

%BeginFont
Handler:DirectoryHandler
FontType:Type1
FontName:HelveticaNeue-Medium
FamilyName:Helvetica Neue
StyleName:Medium
FullName:Helvetica Neue Medium
MenuName:Helvetica Neue
StyleBits:0
FamilyNameNative:Helvetica Neue
StyleNameNative:Medium
FullNameNative:Helvetica Neue Medium
WritingScript:Cyrillic
OutlineFileName:C:\Users\gabri\Desktop\Cartella futurismodepero\Cartella futurismodepero\Document fonts\HelveticaNeueMedium.otf
DataFormat:sfntData
UsesStandardEncoding:yes
isCFF:yes
hasSVG:no
hasCOLR:no
VariableFontType:NonVariableFont
FileLength:260488
FileModTime:1782147922
WeightClass:500
WidthClass:5
AngleClass:0
NameArray:0,Mac,4,Helvetica Neue Medium
NameArray:0,Win,1,Helvetica Neue
NameArray:0,Win,16,Helvetica Neue
%EndFont

%BeginFont
Handler:DirectoryHandler
FontType:Type1
FontName:HelveticaNeue-MediumItalic
FamilyName:Helvetica Neue
StyleName:Medium Italic
FullName:Helvetica Neue Medium Italic
MenuName:Helvetica Neue
StyleBits:1
FamilyNameNative:Helvetica Neue
StyleNameNative:Medium Italic
FullNameNative:Helvetica Neue Medium Italic
WritingScript:Cyrillic
OutlineFileName:C:\Users\gabri\Desktop\Cartella futurismodepero\Cartella futurismodepero\Document fonts\HelveticaNeueMediumItalic.otf
DataFormat:sfntData
UsesStandardEncoding:yes
isCFF:yes
hasSVG:no
hasCOLR:no
VariableFontType:NonVariableFont
FileLength:159704
FileModTime:1782147922
WeightClass:500
WidthClass:5
AngleClass:1
NameArray:0,Mac,4,Helvetica Neue Medium Italic
NameArray:0,Win,1,Helvetica Neue
NameArray:0,Win,16,Helvetica Neue
%EndFont

%BeginFont
Handler:DirectoryHandler
FontType:Type1
FontName:HelveticaNeue-Roman
FamilyName:Helvetica Neue
StyleName:Regular
FullName:Helvetica Neue Roman
MenuName:Helvetica Neue
StyleBits:0
FamilyNameNative:Helvetica Neue
StyleNameNative:Regular
FullNameNative:Helvetica Neue Regular
WritingScript:Cyrillic
OutlineFileName:C:\Users\gabri\Desktop\Cartella futurismodepero\Cartella futurismodepero\Document fonts\HelveticaNeueRoman.otf
DataFormat:sfntData
UsesStandardEncoding:yes
isCFF:yes
hasSVG:no
hasCOLR:no
VariableFontType:NonVariableFont
FileLength:630408
FileModTime:1782147922
WeightClass:400
WidthClass:5
AngleClass:0
NameArray:0,Mac,4,Helvetica Neue Roman
NameArray:0,Win,1,Helvetica Neue
NameArray:0,Win,16,Helvetica Neue
%EndFont

%BeginFont
Handler:DirectoryHandler
FontType:Type1
FontName:MinionPro-Regular
FamilyName:Minion Pro
StyleName:Regular
FullName:Minion Pro
MenuName:Minion Pro
StyleBits:0
WritingScript:Roman
OutlineFileName:C:\Users\gabri\Desktop\Cartella futurismodepero\Cartella futurismodepero\Document fonts\MinionPro-Regular.otf
DataFormat:sfntData
UsesStandardEncoding:yes
isCFF:yes
hasSVG:no
hasCOLR:no
VariableFontType:NonVariableFont
FileLength:218640
FileModTime:1782147922
WeightClass:400
WidthClass:5
AngleClass:0
DesignSize:110
NameArray:0,Mac,4,Minion Pro
NameArray:0,Win,1,Minion Pro
%EndFont

